<?xml version="1.0" encoding="UTF-8"?>
<!-- Generated by org.testng.reporters.JUnitReportReporter -->
<testsuite hostname="DESKTOP-4EPHJ9A" failures="0" tests="2" name="testng.Annotations" time="0.013" errors="0" timestamp="2023-03-10T11:59:42 IST" skipped="0">
  <testcase classname="testng.Annotations" name="m1" time="0.010"/>
  <system-out/>
  <testcase classname="testng.Annotations" name="m2" time="0.003"/>
  <system-out/>
</testsuite> <!-- testng.Annotations -->
