<?xml version="1.0" encoding="UTF-8"?>
<!-- Generated by org.testng.reporters.JUnitReportReporter -->
<testsuite hostname="DESKTOP-4EPHJ9A" failures="0" tests="3" name="testng.NewTest" time="10.955" errors="0" timestamp="2023-03-09T10:53:17 IST" skipped="0">
  <testcase classname="testng.NewTest" name="h" time="0.214"/>
  <system-out/>
  <testcase classname="testng.NewTest" name="g" time="3.149"/>
  <system-out/>
  <testcase classname="testng.NewTest" name="f" time="7.592"/>
  <system-out/>
</testsuite> <!-- testng.NewTest -->
